2025-05-26 16:15:14,661 [INFO] Activator:176 - 


2025-05-26 16:15:14,662 [INFO] Activator:177 - !SESSION log4j initialized
2025-05-26 16:15:16,697 [INFO] LogOutputStream:77 - [STDOUT_REDIRECT] 
2025-05-26 16:15:18,214 [INFO] ApplicationProperties:184 - Using Application install path: C:\ST\STM32CubeIDE_1.18.1\STM32CubeIDE\plugins\com.st.stm32cube.common.mx_6.14.1.202504091515
2025-05-26 16:15:18,228 [INFO] DbMcusXml:78 - Set database path to: C:\ST\STM32CubeIDE_1.18.1\STM32CubeIDE\plugins\com.st.stm32cube.common.mx_6.14.1.202504091515\\db\/mcu/
2025-05-26 16:15:18,228 [INFO] ApiDb:274 - Set plugin database path to: C:\ST\STM32CubeIDE_1.18.1\STM32CubeIDE\plugins\com.st.stm32cube.common.mx_6.14.1.202504091515\\db\/plugins/boardmanager/
2025-05-26 16:15:18,228 [WARN] ApiDb:259 - Overriding images path with different value:  => C:\ST\STM32CubeIDE_1.18.1\STM32CubeIDE\plugins\com.st.stm32cube.common.mx_6.14.1.202504091515\\db\/plugins/mcufinder/images/
2025-05-26 16:15:18,235 [INFO] ApiDb:250 - Set database path to: C:\Users\lasto\.stmcufinder\plugins\mcufinder//mcu/
2025-05-26 16:15:18,235 [INFO] DbMcusAds:125 - Set database path to: C:\Users\lasto\.stmcufinder\plugins\mcufinder//mcu/
2025-05-26 16:15:18,237 [INFO] CrossReferenceDbSqlite:203 - Set database path to: C:\Users\lasto\.stmcufinder\plugins\mcufinder//mcu/cs/
2025-05-26 16:15:18,320 [INFO] RulesReader:64 - Compatibility file has been processed (302 Rules)
2025-05-26 16:15:18,375 [INFO] DbMcusXml:78 - Set database path to: C:\ST\STM32CubeIDE_1.18.1\STM32CubeIDE\plugins\com.st.stm32cube.common.mx_6.14.1.202504091515\\db\/mcu/
2025-05-26 16:15:18,375 [INFO] ApiDb:274 - Set plugin database path to: C:\ST\STM32CubeIDE_1.18.1\STM32CubeIDE\plugins\com.st.stm32cube.common.mx_6.14.1.202504091515\\db\/plugins/boardmanager/
2025-05-26 16:15:18,375 [INFO] ApiDb:261 - Set plugin images path to: C:\ST\STM32CubeIDE_1.18.1\STM32CubeIDE\plugins\com.st.stm32cube.common.mx_6.14.1.202504091515\\db\/plugins/mcufinder/images/
2025-05-26 16:15:18,375 [WARN] DbFile:41 - Overriding database path with different value: C:\Users\lasto\.stmcufinder\plugins\mcufinder/ => C:\Users\lasto\.stmcufinder\plugins\mcufinder
2025-05-26 16:15:18,375 [INFO] ApiDb:250 - Set database path to: C:\Users\lasto\.stmcufinder\plugins\mcufinder//mcu/
2025-05-26 16:15:18,375 [WARN] DbFile:41 - Overriding database path with different value: C:\Users\lasto\.stmcufinder\plugins\mcufinder/ => C:\Users\lasto\.stmcufinder\plugins\mcufinder
2025-05-26 16:15:18,375 [INFO] DbMcusAds:125 - Set database path to: C:\Users\lasto\.stmcufinder\plugins\mcufinder//mcu/
2025-05-26 16:15:18,375 [WARN] DbFile:41 - Overriding database path with different value: C:\Users\lasto\.stmcufinder\plugins\mcufinder/ => C:\Users\lasto\.stmcufinder\plugins\mcufinder
2025-05-26 16:15:18,375 [WARN] DbFile:41 - Overriding database path with different value: C:\Users\lasto\.stmcufinder\plugins\mcufinder/ => C:\Users\lasto\.stmcufinder\plugins\mcufinder
2025-05-26 16:15:18,376 [INFO] CrossReferenceDbSqlite:203 - Set database path to: C:\Users\lasto\.stmcufinder\plugins\mcufinder//mcu/cs/
2025-05-26 16:15:18,433 [INFO] MainPanel:272 - HeapMemory: 268435456
2025-05-26 16:15:18,513 [INFO] DbMcusXml:78 - Set database path to: C:\ST\STM32CubeIDE_1.18.1\STM32CubeIDE\plugins\com.st.stm32cube.common.mx_6.14.1.202504091515\\db\/mcu/
2025-05-26 16:15:18,513 [INFO] ApiDb:274 - Set plugin database path to: C:\ST\STM32CubeIDE_1.18.1\STM32CubeIDE\plugins\com.st.stm32cube.common.mx_6.14.1.202504091515\\db\/plugins/boardmanager/
2025-05-26 16:15:18,513 [INFO] ApiDb:261 - Set plugin images path to: C:\ST\STM32CubeIDE_1.18.1\STM32CubeIDE\plugins\com.st.stm32cube.common.mx_6.14.1.202504091515\\db\/plugins/mcufinder/images/
2025-05-26 16:15:18,514 [WARN] DbFile:41 - Overriding database path with different value: C:\Users\lasto\.stmcufinder\plugins\mcufinder/ => C:\Users\lasto\.stmcufinder\plugins\mcufinder
2025-05-26 16:15:18,514 [INFO] ApiDb:250 - Set database path to: C:\Users\lasto\.stmcufinder\plugins\mcufinder//mcu/
2025-05-26 16:15:18,514 [WARN] DbFile:41 - Overriding database path with different value: C:\Users\lasto\.stmcufinder\plugins\mcufinder/ => C:\Users\lasto\.stmcufinder\plugins\mcufinder
2025-05-26 16:15:18,514 [INFO] DbMcusAds:125 - Set database path to: C:\Users\lasto\.stmcufinder\plugins\mcufinder//mcu/
2025-05-26 16:15:18,514 [WARN] DbFile:41 - Overriding database path with different value: C:\Users\lasto\.stmcufinder\plugins\mcufinder/ => C:\Users\lasto\.stmcufinder\plugins\mcufinder
2025-05-26 16:15:18,514 [WARN] DbFile:41 - Overriding database path with different value: C:\Users\lasto\.stmcufinder\plugins\mcufinder/ => C:\Users\lasto\.stmcufinder\plugins\mcufinder
2025-05-26 16:15:18,514 [INFO] CrossReferenceDbSqlite:203 - Set database path to: C:\Users\lasto\.stmcufinder\plugins\mcufinder//mcu/cs/
2025-05-26 16:15:18,528 [INFO] ApplicationProperties:184 - Using Application install path: C:\ST\STM32CubeIDE_1.18.1\STM32CubeIDE\plugins\com.st.stm32cube.common.mx_6.14.1.202504091515
2025-05-26 16:15:18,529 [INFO] PluginManage:196 - Search for loadable plugins [exclusion list=, ]
2025-05-26 16:15:18,530 [INFO] PluginManage:310 - Check plugin analytics
2025-05-26 16:15:18,675 [INFO] AnalyticsPlugin:253 - Accepted Software Licenses: 
2025-05-26 16:15:18,675 [INFO] AnalyticsPlugin:255 - Accepted CMSIS Pack Licenses: ARM.CMSIS-DSP.1.15.0,ARM.CMSIS.6.0.0
2025-05-26 16:15:18,675 [INFO] AnalyticsPlugin:257 - Accepted Firmware Licenses: FW.G4.1.6.0,FW.G4.1.5.0
2025-05-26 16:15:18,677 [INFO] PluginManage:359 - Loaded plugin analytics (category:tool,tabindex:-1)
2025-05-26 16:15:18,678 [INFO] PluginManage:310 - Check plugin cadmodel
2025-05-26 16:15:18,683 [INFO] CADModel:105 - Init CAD model plugin
2025-05-26 16:15:18,683 [INFO] PluginManage:359 - Loaded plugin cadmodel (category:power,tabindex:5)
2025-05-26 16:15:18,683 [INFO] PluginManage:310 - Check plugin clock
2025-05-26 16:15:18,692 [INFO] PluginManage:359 - Loaded plugin clock (category:base,tabindex:2)
2025-05-26 16:15:18,692 [INFO] PluginManage:310 - Check plugin ddr
2025-05-26 16:15:18,694 [INFO] PluginManage:359 - Loaded plugin ddr (category:tool,tabindex:6)
2025-05-26 16:15:18,695 [INFO] PluginManage:310 - Check plugin filemanager
2025-05-26 16:15:18,835 [INFO] PluginManage:359 - Loaded plugin filemanager (category:base,tabindex:10)
2025-05-26 16:15:18,835 [INFO] PluginManage:310 - Check plugin ipmanager
2025-05-26 16:15:18,842 [INFO] PluginManage:359 - Loaded plugin ipmanager (category:base,tabindex:5)
2025-05-26 16:15:18,842 [INFO] PluginManage:310 - Check plugin lpbam
2025-05-26 16:15:18,858 [INFO] PluginManage:359 - Loaded plugin lpbam (category:base,tabindex:0)
2025-05-26 16:15:18,858 [INFO] PluginManage:310 - Check plugin memorymap
2025-05-26 16:15:18,872 [INFO] PluginManage:359 - Loaded plugin memorymap (category:base,tabindex:4)
2025-05-26 16:15:18,872 [INFO] PluginManage:310 - Check plugin pinoutandconfiguration
2025-05-26 16:15:18,880 [INFO] PluginManage:359 - Loaded plugin pinoutandconfiguration (category:base,tabindex:1)
2025-05-26 16:15:18,880 [INFO] PluginManage:310 - Check plugin pinoutconfig
2025-05-26 16:15:18,944 [WARN] SupportedApi:132 - Cannot load RTOS API schema: s4s-elt-must-match.1: The content of 'definitions' must match (annotation?, (simpleType | complexType)?, (unique | key | keyref)*)). A problem was found starting at: attribute.
2025-05-26 16:15:19,041 [INFO] PluginManage:359 - Loaded plugin pinoutconfig (category:base,tabindex:0)
2025-05-26 16:15:19,041 [INFO] PluginManage:310 - Check plugin power
2025-05-26 16:15:19,050 [INFO] PluginManage:359 - Loaded plugin power (category:power,tabindex:4)
2025-05-26 16:15:19,050 [INFO] PluginManage:310 - Check plugin projectmanager
2025-05-26 16:15:19,062 [INFO] PluginManage:359 - Loaded plugin projectmanager (category:projectmanager,tabindex:4)
2025-05-26 16:15:19,062 [INFO] PluginManage:310 - Check plugin rif
2025-05-26 16:15:19,068 [INFO] PluginManage:359 - Loaded plugin rif (category:base,tabindex:3)
2025-05-26 16:15:19,069 [INFO] PluginManage:310 - Check plugin thirdparty
2025-05-26 16:15:19,186 [INFO] PluginManage:359 - Loaded plugin thirdparty (category:base,tabindex:-1)
2025-05-26 16:15:19,186 [WARN] IntegrityCheckThread:84 - waiting for thirdparty lock release [integrity check]
2025-05-26 16:15:19,186 [INFO] PluginManage:310 - Check plugin tools
2025-05-26 16:15:19,186 [INFO] IntegrityCheckThread:86 - entering critical section [integrity check]
2025-05-26 16:15:19,187 [INFO] ThirdPartyUpdaterWithRetryManager:70 - Updater plugin not ready yet. [1/15]
2025-05-26 16:15:19,189 [INFO] PluginManage:359 - Loaded plugin tools (category:base,tabindex:7)
2025-05-26 16:15:19,190 [INFO] PluginManage:310 - Check plugin tutovideos
2025-05-26 16:15:19,313 [INFO] PluginManage:359 - Loaded plugin tutovideos (category:base,tabindex:-1)
2025-05-26 16:15:19,313 [INFO] PluginManage:310 - Check plugin updater
2025-05-26 16:15:19,331 [INFO] PluginManage:359 - Loaded plugin updater (category:base,tabindex:12)
2025-05-26 16:15:19,331 [INFO] PluginManage:310 - Check plugin userauth
2025-05-26 16:15:19,334 [INFO] UserAuth:118 - Init User Auth plugin
2025-05-26 16:15:19,335 [INFO] PluginManage:359 - Loaded plugin userauth (category:base,tabindex:14)
2025-05-26 16:15:19,335 [INFO] PluginManage:283 - PluginManage : Loaded plugins [18]
2025-05-26 16:15:19,486 [INFO] PinOutPanel:1589 - setPackage(No Configuration,No Configuration)
2025-05-26 16:15:19,550 [INFO] CADModel:165 - CPN selected for project level
2025-05-26 16:15:19,550 [INFO] CADModel:114 - Register for checkConnection events
2025-05-26 16:15:19,564 [INFO] IPUIPlugin:80 - create IPUIPlugin
2025-05-26 16:15:19,565 [INFO] PluginManager:220 - loadIPPluginJar : add adc
2025-05-26 16:15:19,567 [INFO] IPUIPlugin:80 - create IPUIPlugin
2025-05-26 16:15:19,567 [INFO] PluginManager:220 - loadIPPluginJar : add aes
2025-05-26 16:15:19,572 [INFO] IPUIPlugin:80 - create IPUIPlugin
2025-05-26 16:15:19,572 [INFO] PluginManager:220 - loadIPPluginJar : add can
2025-05-26 16:15:19,573 [INFO] IPUIPlugin:80 - create IPUIPlugin
2025-05-26 16:15:19,574 [INFO] PluginManager:220 - loadIPPluginJar : add comp
2025-05-26 16:15:19,575 [INFO] IPUIPlugin:80 - create IPUIPlugin
2025-05-26 16:15:19,576 [INFO] PluginManager:220 - loadIPPluginJar : add cryp
2025-05-26 16:15:19,578 [INFO] IPUIPlugin:80 - create IPUIPlugin
2025-05-26 16:15:19,578 [INFO] PluginManager:220 - loadIPPluginJar : add ddr_ctrl_phy
2025-05-26 16:15:19,580 [INFO] IPUIPlugin:80 - create IPUIPlugin
2025-05-26 16:15:19,581 [INFO] PluginManager:220 - loadIPPluginJar : add dfsdm
2025-05-26 16:15:19,584 [INFO] IPUIPlugin:80 - create IPUIPlugin
2025-05-26 16:15:19,585 [INFO] PluginManager:220 - loadIPPluginJar : add dma
2025-05-26 16:15:19,587 [INFO] IPUIPlugin:80 - create IPUIPlugin
2025-05-26 16:15:19,587 [INFO] PluginManager:220 - loadIPPluginJar : add dma3
2025-05-26 16:15:19,589 [INFO] IPUIPlugin:80 - create IPUIPlugin
2025-05-26 16:15:19,589 [INFO] PluginManager:220 - loadIPPluginJar : add extmemmanager
2025-05-26 16:15:19,591 [INFO] IPUIPlugin:80 - create IPUIPlugin
2025-05-26 16:15:19,591 [INFO] PluginManager:220 - loadIPPluginJar : add fatfs
2025-05-26 16:15:19,594 [INFO] IPUIPlugin:80 - create IPUIPlugin
2025-05-26 16:15:19,594 [INFO] PluginManager:220 - loadIPPluginJar : add fmc
2025-05-26 16:15:19,599 [INFO] IPUIPlugin:80 - create IPUIPlugin
2025-05-26 16:15:19,600 [INFO] PluginManager:220 - loadIPPluginJar : add freertos
2025-05-26 16:15:19,601 [INFO] IPUIPlugin:80 - create IPUIPlugin
2025-05-26 16:15:19,601 [INFO] PluginManager:220 - loadIPPluginJar : add genericplugin
2025-05-26 16:15:19,603 [INFO] IPUIPlugin:80 - create IPUIPlugin
2025-05-26 16:15:19,603 [INFO] PluginManager:220 - loadIPPluginJar : add gfxmmu
2025-05-26 16:15:19,606 [INFO] IPUIPlugin:80 - create IPUIPlugin
2025-05-26 16:15:19,607 [INFO] PluginManager:220 - loadIPPluginJar : add gic
2025-05-26 16:15:19,610 [INFO] IPUIPlugin:80 - create IPUIPlugin
2025-05-26 16:15:19,610 [INFO] PluginManager:220 - loadIPPluginJar : add gpio
2025-05-26 16:15:19,612 [INFO] IPUIPlugin:80 - create IPUIPlugin
2025-05-26 16:15:19,612 [INFO] PluginManager:220 - loadIPPluginJar : add gtzc
2025-05-26 16:15:19,614 [INFO] IPUIPlugin:80 - create IPUIPlugin
2025-05-26 16:15:19,614 [INFO] PluginManager:220 - loadIPPluginJar : add hash
2025-05-26 16:15:19,616 [INFO] IPUIPlugin:80 - create IPUIPlugin
2025-05-26 16:15:19,617 [INFO] PluginManager:220 - loadIPPluginJar : add i2c
2025-05-26 16:15:19,619 [INFO] IPUIPlugin:80 - create IPUIPlugin
2025-05-26 16:15:19,619 [INFO] PluginManager:220 - loadIPPluginJar : add i2s
2025-05-26 16:15:19,622 [INFO] IPUIPlugin:80 - create IPUIPlugin
2025-05-26 16:15:19,622 [INFO] PluginManager:220 - loadIPPluginJar : add i3c
2025-05-26 16:15:19,624 [INFO] IPUIPlugin:80 - create IPUIPlugin
2025-05-26 16:15:19,624 [INFO] PluginManager:220 - loadIPPluginJar : add ipddr
2025-05-26 16:15:19,629 [INFO] IPUIPlugin:80 - create IPUIPlugin
2025-05-26 16:15:19,629 [INFO] PluginManager:220 - loadIPPluginJar : add linkedlist
2025-05-26 16:15:19,632 [INFO] IPUIPlugin:80 - create IPUIPlugin
2025-05-26 16:15:19,632 [INFO] PluginManager:220 - loadIPPluginJar : add lorawan
2025-05-26 16:15:19,634 [INFO] IPUIPlugin:80 - create IPUIPlugin
2025-05-26 16:15:19,634 [INFO] PluginManager:220 - loadIPPluginJar : add ltdc
2025-05-26 16:15:19,638 [INFO] IPUIPlugin:80 - create IPUIPlugin
2025-05-26 16:15:19,638 [INFO] PluginManager:220 - loadIPPluginJar : add mdma
2025-05-26 16:15:19,642 [INFO] IPUIPlugin:80 - create IPUIPlugin
2025-05-26 16:15:19,642 [INFO] PluginManager:220 - loadIPPluginJar : add nvic
2025-05-26 16:15:19,645 [INFO] IPUIPlugin:80 - create IPUIPlugin
2025-05-26 16:15:19,645 [INFO] PluginManager:220 - loadIPPluginJar : add opamp
2025-05-26 16:15:19,648 [INFO] IPUIPlugin:80 - create IPUIPlugin
2025-05-26 16:15:19,648 [INFO] PluginManager:220 - loadIPPluginJar : add openamp
2025-05-26 16:15:19,651 [INFO] IPUIPlugin:80 - create IPUIPlugin
2025-05-26 16:15:19,651 [INFO] PluginManager:220 - loadIPPluginJar : add pdm2pcm
2025-05-26 16:15:19,656 [INFO] IPUIPlugin:80 - create IPUIPlugin
2025-05-26 16:15:19,658 [INFO] PluginManager:220 - loadIPPluginJar : add plateformsettings
2025-05-26 16:15:19,659 [INFO] IPUIPlugin:80 - create IPUIPlugin
2025-05-26 16:15:19,659 [INFO] PluginManager:220 - loadIPPluginJar : add quadspi
2025-05-26 16:15:19,661 [INFO] IPUIPlugin:80 - create IPUIPlugin
2025-05-26 16:15:19,662 [INFO] PluginManager:220 - loadIPPluginJar : add radio
2025-05-26 16:15:19,666 [INFO] IPUIPlugin:80 - create IPUIPlugin
2025-05-26 16:15:19,666 [INFO] PluginManager:220 - loadIPPluginJar : add resmgrutility
2025-05-26 16:15:19,669 [INFO] IPUIPlugin:80 - create IPUIPlugin
2025-05-26 16:15:19,670 [INFO] PluginManager:220 - loadIPPluginJar : add sai
2025-05-26 16:15:19,673 [INFO] IPUIPlugin:80 - create IPUIPlugin
2025-05-26 16:15:19,674 [INFO] PluginManager:220 - loadIPPluginJar : add spi
2025-05-26 16:15:19,680 [INFO] IPUIPlugin:80 - create IPUIPlugin
2025-05-26 16:15:19,680 [INFO] PluginManager:220 - loadIPPluginJar : add stm32_wpan
2025-05-26 16:15:19,683 [INFO] IPUIPlugin:80 - create IPUIPlugin
2025-05-26 16:15:19,683 [INFO] PluginManager:220 - loadIPPluginJar : add tim
2025-05-26 16:15:19,687 [INFO] IPUIPlugin:80 - create IPUIPlugin
2025-05-26 16:15:19,688 [INFO] PluginManager:220 - loadIPPluginJar : add touchsensing
2025-05-26 16:15:19,691 [INFO] IPUIPlugin:80 - create IPUIPlugin
2025-05-26 16:15:19,691 [INFO] PluginManager:220 - loadIPPluginJar : add tracer_emb
2025-05-26 16:15:19,693 [INFO] IPUIPlugin:80 - create IPUIPlugin
2025-05-26 16:15:19,693 [INFO] PluginManager:220 - loadIPPluginJar : add ts
2025-05-26 16:15:19,696 [INFO] IPUIPlugin:80 - create IPUIPlugin
2025-05-26 16:15:19,696 [INFO] PluginManager:220 - loadIPPluginJar : add tsc
2025-05-26 16:15:19,698 [INFO] IPUIPlugin:80 - create IPUIPlugin
2025-05-26 16:15:19,699 [INFO] PluginManager:220 - loadIPPluginJar : add ucpd
2025-05-26 16:15:19,702 [INFO] IPUIPlugin:80 - create IPUIPlugin
2025-05-26 16:15:19,702 [INFO] PluginManager:220 - loadIPPluginJar : add usart
2025-05-26 16:15:19,706 [INFO] IPUIPlugin:80 - create IPUIPlugin
2025-05-26 16:15:19,706 [INFO] PluginManager:220 - loadIPPluginJar : add usbx
2025-05-26 16:15:19,839 [FATAL] Updater:351 - Updater called before beeing initialized
2025-05-26 16:15:19,860 [INFO] RulesReader:64 - Compatibility file has been processed (302 Rules)
2025-05-26 16:15:19,868 [INFO] RulesReader:64 - Compatibility file has been processed (302 Rules)
2025-05-26 16:15:19,874 [INFO] CADModel:165 - CPN selected for project level
2025-05-26 16:15:19,874 [INFO] CADModel:114 - Register for checkConnection events
2025-05-26 16:15:19,874 [FATAL] Updater:351 - Updater called before beeing initialized
2025-05-26 16:15:19,874 [ERROR] CADModel:125 - Updater not yet initialized, retry later 
2025-05-26 16:15:19,969 [FATAL] Updater:351 - Updater called before beeing initialized
2025-05-26 16:15:19,970 [INFO] CADModel:165 - CPN selected for project level
2025-05-26 16:15:19,970 [INFO] CADModel:114 - Register for checkConnection events
2025-05-26 16:15:19,970 [FATAL] Updater:351 - Updater called before beeing initialized
2025-05-26 16:15:19,970 [ERROR] CADModel:125 - Updater not yet initialized, retry later 
2025-05-26 16:15:19,972 [FATAL] Updater:351 - Updater called before beeing initialized
2025-05-26 16:15:20,065 [FATAL] Updater:351 - Updater called before beeing initialized
2025-05-26 16:15:20,068 [INFO] DbMcusAds:53 - JSON generation date=Wed May 07 16:07:55 ICT 2025 (1746608875679)
2025-05-26 16:15:20,068 [FATAL] Updater:351 - Updater called before beeing initialized
2025-05-26 16:15:20,100 [WARN] DetailPanel:346 - Failed to get advertising image, set to default
2025-05-26 16:15:20,320 [FATAL] Updater:351 - Updater called before beeing initialized
2025-05-26 16:15:20,322 [FATAL] Updater:351 - Updater called before beeing initialized
2025-05-26 16:15:20,322 [FATAL] Updater:351 - Updater called before beeing initialized
2025-05-26 16:15:20,322 [WARN] DetailPanel:346 - Failed to get advertising image, set to default
2025-05-26 16:15:20,323 [FATAL] Updater:351 - Updater called before beeing initialized
2025-05-26 16:15:20,357 [ERROR] Updater:1198 - MainUpdater not yet initialized. External WinMGr cannot be set.
2025-05-26 16:15:20,359 [INFO] Updater:1134 - Updater Version found : 6.14.1
2025-05-26 16:15:20,372 [INFO] ApplicationProperties:184 - Using Application install path: C:\ST\STM32CubeIDE_1.18.1\STM32CubeIDE\plugins\com.st.stm32cube.common.mx_6.14.1.202504091515
2025-05-26 16:15:21,948 [ERROR] LogOutputStream:75 - [STDERR_REDIRECT] May 26, 2025 4:15:21 PM java.util.prefs.WindowsPreferences <init>
2025-05-26 16:15:21,949 [ERROR] LogOutputStream:75 - [STDERR_REDIRECT] WARNING: Could not open/create prefs root node Software\JavaSoft\Prefs at root 0xffffffff80000002. Windows RegCreateKeyEx(...) returned error code 5.
2025-05-26 16:15:21,949 [ERROR] LogOutputStream:75 - [STDERR_REDIRECT] 
2025-05-26 16:15:22,188 [INFO] ThirdPartyUpdaterWithRetryManager:70 - Updater plugin not ready yet. [2/15]
2025-05-26 16:15:22,249 [INFO] MainUpdater:2872 - connection check result : 10
2025-05-26 16:15:22,249 [INFO] MainUpdater:289 - Updater Check For Update Now.
2025-05-26 16:15:22,249 [INFO] MicroXplorer:498 - Change Database Version : DB.6.0.141
2025-05-26 16:15:22,256 [INFO] McuFinderGlobals:63 - Set McuFinder mode to 2 (CubeIDE integrated)
2025-05-26 16:15:22,256 [INFO] UserAuth:484 - Internet connection configuration mode: 1
2025-05-26 16:15:22,274 [INFO] JxBrowserEngine:152 - Initiate JxBrowser Engine with user profile folder
2025-05-26 16:15:22,441 [INFO] CheckServerUpdateThread:120 - End of CheckServer Thread
2025-05-26 16:15:23,402 [INFO] WebApp:169 - Instantiating new browser for Auth
2025-05-26 16:15:23,926 [INFO] WebApp:463 - Apply proxy settings
2025-05-26 16:15:23,927 [INFO] WebApp:548 - Chromium requires no authentication
2025-05-26 16:15:23,933 [INFO] WebApp:491 - Direct internet connection detected
2025-05-26 16:15:23,955 [INFO] WebApp:894 - Register for checkConnection events
2025-05-26 16:15:23,955 [INFO] WebApp:463 - Apply proxy settings
2025-05-26 16:15:23,955 [INFO] WebApp:548 - Chromium requires no authentication
2025-05-26 16:15:23,955 [INFO] WebApp:491 - Direct internet connection detected
2025-05-26 16:15:24,075 [INFO] WebApp:225 - Starting web application
2025-05-26 16:15:24,075 [INFO] WebApp:593 - Web application path used C:\ST\STM32CubeIDE_1.18.1\STM32CubeIDE\plugins\com.st.stm32cube.common.mx_6.14.1.202504091515\db\plugins\mcufinder\reactClient1\index.html
2025-05-26 16:15:24,187 [INFO] WebApp:191 - Connection restablished
2025-05-26 16:15:24,236 [INFO] UserAuth:484 - Internet connection configuration mode: 1
2025-05-26 16:15:25,361 [WARN] PackLoader:240 - Cannot read IP mode file for STMicroelectronics.FP-SNS-MOTENVWB1.1.4.0
2025-05-26 16:15:25,369 [WARN] PackLoader:240 - Cannot read IP mode file for STMicroelectronics.FP-ATR-ASTRA1.2.0.2
2025-05-26 16:15:25,377 [WARN] PackLoader:240 - Cannot read IP mode file for STMicroelectronics.X-CUBE-SMBUS.2.1.0
2025-05-26 16:15:25,382 [WARN] PackLoader:240 - Cannot read IP mode file for STMicroelectronics.X-CUBE-ST60.1.0.0
2025-05-26 16:15:25,416 [WARN] PackLoader:240 - Cannot read IP mode file for STMicroelectronics.X-CUBE-AZRTOS-F7.1.1.0
2025-05-26 16:15:25,453 [WARN] PackLoader:240 - Cannot read IP mode file for Infineon.AIROC-Wi-Fi-Bluetooth-STM32.1.7.0
2025-05-26 16:15:25,471 [WARN] PackLoader:240 - Cannot read IP mode file for STMicroelectronics.X-CUBE-DISPLAY.3.0.0
2025-05-26 16:15:25,488 [WARN] PackLoader:240 - Cannot read IP mode file for STMicroelectronics.X-CUBE-NFC10.1.0.0
2025-05-26 16:15:25,502 [WARN] PackLoader:240 - Cannot read IP mode file for STMicroelectronics.X-CUBE-BLEMGR.4.0.0
2025-05-26 16:15:25,510 [WARN] PackLoader:240 - Cannot read IP mode file for emotas.I-CUBE-CANOPEN.1.3.0
2025-05-26 16:15:25,514 [WARN] ConditionMgr:438 - getConditionDescription Invalid condition id : Cortex-A Device cause : null
2025-05-26 16:15:25,524 [WARN] ConditionMgr:1044 - genDependencies : Invalid condition id : Cortex-A Device cause : null
2025-05-26 16:15:25,524 [WARN] ConditionMgr:1044 - genDependencies : Invalid condition id : Cortex-A Device cause : null
2025-05-26 16:15:25,524 [WARN] ConditionMgr:1044 - genDependencies : Invalid condition id : Cortex-A Device cause : null
2025-05-26 16:15:25,528 [WARN] PackLoader:240 - Cannot read IP mode file for STMicroelectronics.X-CUBE-AI.10.0.0
2025-05-26 16:15:25,533 [WARN] PackLoader:240 - Cannot read IP mode file for STMicroelectronics.FP-SNS-SMARTAG2.1.2.0
2025-05-26 16:15:25,538 [WARN] PackLoader:240 - Cannot read IP mode file for STMicroelectronics.FP-SNS-FLIGHT1.5.1.0
2025-05-26 16:15:25,547 [INFO] LogOutputStream:77 - [STDOUT_REDIRECT] 1 : Invalid condition id : UX_CORESTACK_Condition cause : null
2025-05-26 16:15:25,548 [INFO] LogOutputStream:77 - [STDOUT_REDIRECT] 1 : Invalid condition id : UX_CORESTACK_Condition cause : null
2025-05-26 16:15:25,548 [INFO] LogOutputStream:77 - [STDOUT_REDIRECT] 1 : Invalid condition id : UX_CORESTACK_Condition cause : null
2025-05-26 16:15:25,550 [INFO] LogOutputStream:77 - [STDOUT_REDIRECT] 1 : Invalid condition id : UX_CORESTACK_Condition cause : null
2025-05-26 16:15:25,551 [INFO] LogOutputStream:77 - [STDOUT_REDIRECT] 1 : Invalid condition id : UX_CORESTACK_Condition cause : null
2025-05-26 16:15:25,566 [WARN] PackLoader:240 - Cannot read IP mode file for STMicroelectronics.X-CUBE-AZRTOS-WL.2.0.0
2025-05-26 16:15:25,573 [WARN] PackLoader:240 - Cannot read IP mode file for STMicroelectronics.FP-SNS-MOTENV1.5.0.0
2025-05-26 16:15:25,582 [WARN] PackLoader:240 - Cannot read IP mode file for WES.I-CUBE-Cesium.1.3.0
2025-05-26 16:15:25,588 [WARN] PackLoader:240 - Cannot read IP mode file for STMicroelectronics.X-CUBE-BLE2.3.3.0
2025-05-26 16:15:25,595 [WARN] PackLoader:240 - Cannot read IP mode file for STMicroelectronics.X-CUBE-NFC9.1.0.0
2025-05-26 16:15:25,602 [WARN] PackLoader:240 - Cannot read IP mode file for STMicroelectronics.X-CUBE-BLE1.7.1.0
2025-05-26 16:15:25,607 [WARN] PackLoader:240 - Cannot read IP mode file for wolfSSL.I-CUBE-wolfMQTT.1.19.2
2025-05-26 16:15:25,658 [WARN] PackLoader:240 - Cannot read IP mode file for STMicroelectronics.X-CUBE-MEMS1.11.2.0
2025-05-26 16:15:25,787 [WARN] PackLoader:240 - Cannot read IP mode file for STMicroelectronics.X-CUBE-AZRTOS-G0.1.1.0
2025-05-26 16:15:25,795 [WARN] PackLoader:240 - Cannot read IP mode file for STMicroelectronics.X-CUBE-SAFEA1.1.2.2
2025-05-26 16:15:25,800 [WARN] PackLoader:240 - Cannot read IP mode file for STMicroelectronics.X-CUBE-NFC4.3.0.0
2025-05-26 16:15:25,811 [WARN] PackLoader:240 - Cannot read IP mode file for EmbeddedOffice.I-CUBE-FS-RTOS.1.0.1
2025-05-26 16:15:25,828 [WARN] PackLoader:240 - Cannot read IP mode file for STMicroelectronics.X-CUBE-WB05N.2.0.0
2025-05-26 16:15:25,833 [WARN] PackLoader:240 - Cannot read IP mode file for wolfSSL.I-CUBE-wolfTPM.3.8.0
2025-05-26 16:15:25,842 [WARN] PackLoader:240 - Cannot read IP mode file for STMicroelectronics.X-CUBE-TCPP.4.2.0
2025-05-26 16:15:25,850 [WARN] PackLoader:240 - Cannot read IP mode file for RealThread.X-CUBE-RT-Thread_Nano.4.1.1
2025-05-26 16:15:25,855 [WARN] PackLoader:240 - Cannot read IP mode file for STMicroelectronics.FP-ATR-SIGFOX1.3.2.0
2025-05-26 16:15:25,863 [WARN] PackLoader:240 - Cannot read IP mode file for STMicroelectronics.X-CUBE-EEPRMA1.5.1.0
2025-05-26 16:15:25,870 [WARN] PackLoader:240 - Cannot read IP mode file for wolfSSL.I-CUBE-wolfSSL.5.7.6
2025-05-26 16:15:25,878 [WARN] PackLoader:240 - Cannot read IP mode file for ITTIA_DB.I-CUBE-ITTIADB.8.9.0
2025-05-26 16:15:25,936 [WARN] PackLoader:240 - Cannot read IP mode file for SEGGER.I-CUBE-embOS.1.3.1
2025-05-26 16:15:25,984 [WARN] PackLoader:240 - Cannot read IP mode file for STMicroelectronics.X-CUBE-ALGOBUILD.1.4.0
2025-05-26 16:15:26,002 [WARN] PackLoader:240 - Cannot read IP mode file for STMicroelectronics.X-CUBE-AZRTOS-F4.1.1.0
2025-05-26 16:15:26,010 [WARN] PackLoader:240 - Cannot read IP mode file for STMicroelectronics.X-CUBE-ISPU.2.1.0
2025-05-26 16:15:26,030 [WARN] PackLoader:240 - Cannot read IP mode file for STMicroelectronics.X-CUBE-AZRTOS-L5.2.0.0
2025-05-26 16:15:26,041 [WARN] PackLoader:240 - Cannot read IP mode file for STMicroelectronics.X-CUBE-NFC6.3.1.0
2025-05-26 16:15:26,073 [WARN] PackLoader:240 - Cannot read IP mode file for STMicroelectronics.X-CUBE-FREERTOS.1.3.1
2025-05-26 16:15:26,078 [WARN] PackLoader:240 - Cannot read IP mode file for STMicroelectronics.X-CUBE-FREERTOS.1.3.0
2025-05-26 16:15:26,084 [WARN] PackLoader:240 - Cannot read IP mode file for STMicroelectronics.X-CUBE-DPower.1.3.0
2025-05-26 16:15:26,102 [WARN] ConditionMgr:438 - getConditionDescription Invalid condition id : LAN8742 Phy interface Condition cause : null
2025-05-26 16:15:26,103 [WARN] PackLoader:240 - Cannot read IP mode file for STMicroelectronics.X-CUBE-AZRTOS-L4.2.0.0
2025-05-26 16:15:26,104 [WARN] ConditionMgr:1044 - genDependencies : Invalid condition id : LAN8742 Phy interface Condition cause : null
2025-05-26 16:15:26,105 [WARN] ConditionMgr:1044 - genDependencies : Invalid condition id : LAN8742 Phy interface Condition cause : null
2025-05-26 16:15:26,106 [WARN] ConditionMgr:1044 - genDependencies : Invalid condition id : LAN8742 Phy interface Condition cause : null
2025-05-26 16:15:26,148 [WARN] PackLoader:240 - Cannot read IP mode file for STMicroelectronics.X-CUBE-SFXS2LP1.4.0.0
2025-05-26 16:15:26,168 [WARN] PackLoader:240 - Cannot read IP mode file for STMicroelectronics.X-CUBE-AZRTOS-H7.3.3.0
2025-05-26 16:15:26,184 [WARN] ConditionMgr:438 - getConditionDescription Invalid condition id : UX DEVICE CLASS RTOS Condition cause : null
2025-05-26 16:15:26,184 [WARN] ConditionMgr:438 - getConditionDescription Invalid condition id : UX DEVICE CLASS RTOS Condition cause : null
2025-05-26 16:15:26,188 [WARN] PackLoader:240 - Cannot read IP mode file for STMicroelectronics.X-CUBE-AZRTOS-WB.2.0.0
2025-05-26 16:15:26,189 [WARN] ConditionMgr:1044 - genDependencies : Invalid condition id : UX DEVICE CLASS RTOS Condition cause : null
2025-05-26 16:15:26,189 [WARN] ConditionMgr:1044 - genDependencies : Invalid condition id : UX DEVICE CLASS RTOS Condition cause : null
2025-05-26 16:15:26,190 [WARN] ConditionMgr:1044 - genDependencies : Invalid condition id : UX DEVICE CLASS RTOS Condition cause : null
2025-05-26 16:15:26,198 [WARN] ConditionMgr:1044 - genDependencies : Invalid condition id : UX DEVICE CLASS RTOS Condition cause : null
2025-05-26 16:15:26,198 [WARN] ConditionMgr:1044 - genDependencies : Invalid condition id : UX DEVICE CLASS RTOS Condition cause : null
2025-05-26 16:15:26,206 [WARN] PackLoader:240 - Cannot read IP mode file for STMicroelectronics.X-CUBE-GNSS1.7.0.1
2025-05-26 16:15:26,213 [WARN] PackLoader:240 - Cannot read IP mode file for STMicroelectronics.X-CUBE-TOUCHGFX.4.25.0
2025-05-26 16:15:26,220 [WARN] PackLoader:240 - Cannot read IP mode file for STMicroelectronics.FP-SNS-STBOX1.2.0.0
2025-05-26 16:15:26,234 [WARN] PackLoader:240 - Cannot read IP mode file for STMicroelectronics.X-CUBE-SUBG2.5.0.0
2025-05-26 16:15:26,254 [WARN] PackLoader:240 - Cannot read IP mode file for STMicroelectronics.X-CUBE-AZRTOS-H7RS.1.1.0
2025-05-26 16:15:26,262 [WARN] PackLoader:240 - Cannot read IP mode file for Cesanta.I-CUBE-Mongoose.7.13.0
2025-05-26 16:15:26,275 [WARN] PackLoader:240 - Cannot read IP mode file for STMicroelectronics.X-CUBE-AZRTOS-G4.2.0.0
2025-05-26 16:15:26,282 [WARN] PackLoader:240 - Cannot read IP mode file for wolfSSL.I-CUBE-wolfSSH.1.4.20
2025-05-26 16:15:26,288 [WARN] PackLoader:240 - Cannot read IP mode file for STMicroelectronics.X-CUBE-NFC7.2.0.0
2025-05-26 16:15:26,299 [WARN] PackLoader:240 - Cannot read IP mode file for STMicroelectronics.X-CUBE-IPS.3.1.0
2025-05-26 16:15:26,311 [WARN] PackLoader:240 - Cannot read IP mode file for STMicroelectronics.X-CUBE-ALS.1.0.2
2025-05-26 16:15:26,316 [WARN] PackLoader:240 - Cannot read IP mode file for portGmbH.I-Cube-SoM-uGOAL.1.1.0
2025-05-26 16:15:26,327 [WARN] PackLoader:240 - Cannot read IP mode file for STMicroelectronics.X-CUBE-TOF1.3.4.3
2025-05-26 16:15:26,342 [INFO] ThirdParty:978 - Integrity check success = true
2025-05-26 16:15:26,342 [INFO] IntegrityCheckThread:100 - exiting critical section [integrity check]
2025-05-26 16:15:26,342 [INFO] IntegrityCheckThread:103 - End integrity checks thread
